<?xml version="1.0" encoding="UTF-8"?>
<!-- Generated by org.testng.reporters.JUnitXMLReporter -->
<testsuite hostname="DESKTOP-P8J7LN6" ignored="0" name="Default test" tests="3" failures="0" timestamp="2020-05-19T20:09:17 EDT" time="0.032" errors="0">
  <testcase name="test1" time="0.004" classname="com.class01.TaskTwo"/>
  <testcase name="test2" time="0.0" classname="com.class01.TaskTwo"/>
  <testcase name="test3" time="0.0" classname="com.class01.TaskTwo"/>
</testsuite> <!-- Default test -->
