<?xml version="1.0" encoding="UTF-8"?>
<testng-results skipped="0" failed="0" ignored="0" total="3" passed="3">
  <reporter-output>
  </reporter-output>
  <suite name="Default suite" duration-ms="32" started-at="2020-05-19T20:09:17 EDT" finished-at="2020-05-19T20:09:17 EDT">
    <groups>
    </groups>
    <test name="Default test" duration-ms="32" started-at="2020-05-19T20:09:17 EDT" finished-at="2020-05-19T20:09:17 EDT">
      <class name="com.class01.TaskTwo">
        <test-method status="PASS" signature="beforeClass()[pri:0, instance:com.class01.TaskTwo@2b2948e2]" name="beforeClass" is-config="true" duration-ms="5" started-at="2020-05-19T20:09:17 EDT" finished-at="2020-05-19T20:09:17 EDT">
          <reporter-output>
          </reporter-output>
        </test-method> <!-- beforeClass -->
        <test-method status="PASS" signature="test1()[pri:0, instance:com.class01.TaskTwo@2b2948e2]" name="test1" duration-ms="4" started-at="2020-05-19T20:09:17 EDT" finished-at="2020-05-19T20:09:17 EDT">
          <reporter-output>
          </reporter-output>
        </test-method> <!-- test1 -->
        <test-method status="PASS" signature="beforeMethod()[pri:0, instance:com.class01.TaskTwo@2b2948e2]" name="beforeMethod" is-config="true" duration-ms="0" started-at="2020-05-19T20:09:17 EDT" finished-at="2020-05-19T20:09:17 EDT">
          <reporter-output>
          </reporter-output>
        </test-method> <!-- beforeMethod -->
        <test-method status="PASS" signature="beforeMethod()[pri:0, instance:com.class01.TaskTwo@2b2948e2]" name="beforeMethod" is-config="true" duration-ms="1" started-at="2020-05-19T20:09:17 EDT" finished-at="2020-05-19T20:09:17 EDT">
          <reporter-output>
          </reporter-output>
        </test-method> <!-- beforeMethod -->
        <test-method status="PASS" signature="afterMethod()[pri:0, instance:com.class01.TaskTwo@2b2948e2]" name="afterMethod" is-config="true" duration-ms="0" started-at="2020-05-19T20:09:17 EDT" finished-at="2020-05-19T20:09:17 EDT">
          <reporter-output>
          </reporter-output>
        </test-method> <!-- afterMethod -->
        <test-method status="PASS" signature="test2()[pri:0, instance:com.class01.TaskTwo@2b2948e2]" name="test2" duration-ms="0" started-at="2020-05-19T20:09:17 EDT" finished-at="2020-05-19T20:09:17 EDT">
          <reporter-output>
          </reporter-output>
        </test-method> <!-- test2 -->
        <test-method status="PASS" signature="beforeMethod()[pri:0, instance:com.class01.TaskTwo@2b2948e2]" name="beforeMethod" is-config="true" duration-ms="1" started-at="2020-05-19T20:09:17 EDT" finished-at="2020-05-19T20:09:17 EDT">
          <reporter-output>
          </reporter-output>
        </test-method> <!-- beforeMethod -->
        <test-method status="PASS" signature="afterMethod()[pri:0, instance:com.class01.TaskTwo@2b2948e2]" name="afterMethod" is-config="true" duration-ms="0" started-at="2020-05-19T20:09:17 EDT" finished-at="2020-05-19T20:09:17 EDT">
          <reporter-output>
          </reporter-output>
        </test-method> <!-- afterMethod -->
        <test-method status="PASS" signature="test3()[pri:0, instance:com.class01.TaskTwo@2b2948e2]" name="test3" duration-ms="0" started-at="2020-05-19T20:09:17 EDT" finished-at="2020-05-19T20:09:17 EDT">
          <reporter-output>
          </reporter-output>
        </test-method> <!-- test3 -->
        <test-method status="PASS" signature="afterMethod()[pri:0, instance:com.class01.TaskTwo@2b2948e2]" name="afterMethod" is-config="true" duration-ms="1" started-at="2020-05-19T20:09:17 EDT" finished-at="2020-05-19T20:09:17 EDT">
          <reporter-output>
          </reporter-output>
        </test-method> <!-- afterMethod -->
        <test-method status="PASS" signature="afterClass()[pri:0, instance:com.class01.TaskTwo@2b2948e2]" name="afterClass" is-config="true" duration-ms="0" started-at="2020-05-19T20:09:17 EDT" finished-at="2020-05-19T20:09:17 EDT">
          <reporter-output>
          </reporter-output>
        </test-method> <!-- afterClass -->
      </class> <!-- com.class01.TaskTwo -->
    </test> <!-- Default test -->
  </suite> <!-- Default suite -->
</testng-results>
